  hw1.cpp
C:\Users\mstwy\OneDrive\Desktop\CS420\Assignment1\assign1_coreOpenGL_starterCode\hw1-starterCode\hw1.cpp(333,24): warning C4244: '=': conversion from 'double' to 'int', possible loss of data
C:\Users\mstwy\OneDrive\Desktop\CS420\Assignment1\assign1_coreOpenGL_starterCode\hw1-starterCode\hw1.cpp(334,30): warning C4244: 'argument': conversion from 'int' to '_Ty', possible loss of data
          with
          [
              _Ty=float
          ]
C:\Users\mstwy\OneDrive\Desktop\CS420\Assignment1\assign1_coreOpenGL_starterCode\hw1-starterCode\hw1.cpp(335,30): warning C4244: 'argument': conversion from 'int' to '_Ty', possible loss of data
          with
          [
              _Ty=float
          ]
C:\Users\mstwy\OneDrive\Desktop\CS420\Assignment1\assign1_coreOpenGL_starterCode\hw1-starterCode\hw1.cpp(336,30): warning C4244: 'argument': conversion from 'int' to '_Ty', possible loss of data
          with
          [
              _Ty=float
          ]
  jpeg.lib(jerror.obj) : MSIL .netmodule or module compiled with /GL found; restarting link with /LTCG; add /LTCG to the link command line to improve linker performance
LINK : warning LNK4075: ignoring '/INCREMENTAL' due to '/LTCG' specification
LINK : warning LNK4098: defaultlib 'MSVCRT' conflicts with use of other libs; use /NODEFAULTLIB:library
  Generating code
  Finished generating code
  hw1.vcxproj -> C:\Users\mstwy\OneDrive\Desktop\CS420\Assignment1\assign1_coreOpenGL_starterCode\hw1-starterCode\Bin\Debug\hw1.exe
